u:\3rd year\computer science\avl-3\avl-3\debug\avl-3.pch
u:\3rd year\computer science\avl-3\avl-3\debug\vc141.pdb
u:\3rd year\computer science\avl-3\avl-3\debug\vc141.idb
u:\3rd year\computer science\avl-3\avl-3\debug\stdafx.obj
u:\3rd year\computer science\avl-3\avl-3\debug\avl-3.obj
u:\3rd year\computer science\avl-3\debug\avl-3.ilk
u:\3rd year\computer science\avl-3\debug\avl-3.exe
u:\3rd year\computer science\avl-3\debug\avl-3.pdb
c:\users\brendan ahern\desktop\avl-3\avl-3\debug\avl-3.obj
c:\users\brendan ahern\desktop\avl-3\avl-3\debug\stdafx.obj
c:\users\brendan ahern\desktop\avl-3\avl-3\debug\avl-3.pch
c:\users\brendan ahern\desktop\avl-3\avl-3\debug\vc141.idb
c:\users\brendan ahern\desktop\avl-3\avl-3\debug\vc141.pdb
c:\users\brendan ahern\desktop\avl-3\debug\avl-3.pdb
c:\users\brendan ahern\desktop\avl-3\debug\avl-3.exe
c:\users\brendan ahern\desktop\avl-3\debug\avl-3.ilk
c:\users\brendan ahern\desktop\avl-3\avl-3\debug\avl-3.tlog\cl.command.1.tlog
c:\users\brendan ahern\desktop\avl-3\avl-3\debug\avl-3.tlog\cl.read.1.tlog
c:\users\brendan ahern\desktop\avl-3\avl-3\debug\avl-3.tlog\cl.write.1.tlog
c:\users\brendan ahern\desktop\avl-3\avl-3\debug\avl-3.tlog\link.command.1.tlog
c:\users\brendan ahern\desktop\avl-3\avl-3\debug\avl-3.tlog\link.read.1.tlog
c:\users\brendan ahern\desktop\avl-3\avl-3\debug\avl-3.tlog\link.write.1.tlog
